<?xml version="1.0" encoding="UTF-8" ?>
<testsuite tests="1" failures="0" name="TestSuite" time="24.68" errors="0" skipped="0">
  <properties>
    <property name="java.vendor" value="Oracle Corporation"/>
    <property name="JOB_NAME" value="SelfServiceTest"/>
    <property name="PWD" value="/"/>
    <property name="sun.java.launcher" value="SUN_STANDARD"/>
    <property name="sun.management.compiler" value="HotSpot 64-Bit Tiered Compilers"/>
    <property name="JENKINS_HOME" value="/var/jenkins_home"/>
    <property name="PATH" value="/usr/local/sbin:/usr/local/bin:/usr/sbin:/usr/bin:/sbin:/bin"/>
    <property name="HUDSON_SERVER_COOKIE" value="292224c87f8d6d5a"/>
    <property name="os.name" value="Linux"/>
    <property name="sun.boot.class.path" value="/usr/lib/jvm/java-8-openjdk-amd64/jre/lib/resources.jar:/usr/lib/jvm/java-8-openjdk-amd64/jre/lib/rt.jar:/usr/lib/jvm/java-8-openjdk-amd64/jre/lib/sunrsasign.jar:/usr/lib/jvm/java-8-openjdk-amd64/jre/lib/jsse.jar:/usr/lib/jvm/java-8-openjdk-amd64/jre/lib/jce.jar:/usr/lib/jvm/java-8-openjdk-amd64/jre/lib/charsets.jar:/usr/lib/jvm/java-8-openjdk-amd64/jre/lib/jfr.jar:/usr/lib/jvm/java-8-openjdk-amd64/jre/classes"/>
    <property name="EXECUTOR_NUMBER" value="1"/>
    <property name="JENKINS_SLAVE_AGENT_PORT" value="50000"/>
    <property name="jenkins.nodeUrl" value="http://192.168.99.100:4444/wd/hub"/>
    <property name="JAVA_DEBIAN_VERSION" value="8u131-b11-2"/>
    <property name="java.vm.specification.vendor" value="Oracle Corporation"/>
    <property name="NODE_LABELS" value="master"/>
    <property name="java.runtime.version" value="1.8.0_131-8u131-b11-2-b11"/>
    <property name="user.name" value="jenkins"/>
    <property name="guice.disable.misplaced.annotation.check" value="true"/>
    <property name="JAVA_VERSION" value="8u131"/>
    <property name="user.language" value="en"/>
    <property name="JENKINS_UC" value="https://updates.jenkins.io"/>
    <property name="JOB_BASE_NAME" value="SelfServiceTest"/>
    <property name="RUN_CHANGES_DISPLAY_URL" value="http://192.168.99.100:8080/job/SelfServiceTest/2/display/redirect?page=changes"/>
    <property name="BUILD_DISPLAY_NAME" value="#2"/>
    <property name="sun.boot.library.path" value="/usr/lib/jvm/java-8-openjdk-amd64/jre/lib/amd64"/>
    <property name="COPY_REFERENCE_FILE_LOG" value="/var/jenkins_home/copy_reference_file.log"/>
    <property name="java.version" value="1.8.0_131"/>
    <property name="user.timezone" value="Etc/UTC"/>
    <property name="sun.arch.data.model" value="64"/>
    <property name="NODE_NAME" value="master"/>
    <property name="java.endorsed.dirs" value="/usr/lib/jvm/java-8-openjdk-amd64/jre/lib/endorsed"/>
    <property name="BUILD_ID" value="2"/>
    <property name="sun.cpu.isalist" value=""/>
    <property name="sun.jnu.encoding" value="UTF-8"/>
    <property name="file.encoding.pkg" value="sun.io"/>
    <property name="file.separator" value="/"/>
    <property name="java.specification.name" value="Java Platform API Specification"/>
    <property name="maven.conf" value="/var/jenkins_home/tools/hudson.tasks.Maven_MavenInstallation/M3/conf"/>
    <property name="java.class.version" value="52.0"/>
    <property name="org.slf4j.simpleLogger.defaultLogLevel" value="info"/>
    <property name="securerandom.source" value="file:/dev/./urandom"/>
    <property name="java.home" value="/usr/lib/jvm/java-8-openjdk-amd64/jre"/>
    <property name="java.vm.info" value="mixed mode"/>
    <property name="TINI_VERSION" value="0.14.0"/>
    <property name="os.version" value="4.4.74-boot2docker"/>
    <property name="RUN_DISPLAY_URL" value="http://192.168.99.100:8080/job/SelfServiceTest/2/display/redirect"/>
    <property name="sun.font.fontmanager" value="sun.awt.X11FontManager"/>
    <property name="TINI_SHA" value="6c41ec7d33e857d4779f14d9c74924cab0c7973485d2972419a3b7c7620ff5fd"/>
    <property name="path.separator" value=":"/>
    <property name="javax.accessibility.assistive_technologies" value="org.GNOME.Accessibility.AtkWrapper"/>
    <property name="java.vm.version" value="25.131-b11"/>
    <property name="JOB_DISPLAY_URL" value="http://192.168.99.100:8080/job/SelfServiceTest/display/redirect"/>
    <property name="SHLVL" value="0"/>
    <property name="java.awt.printerjob" value="sun.print.PSPrinterJob"/>
    <property name="JAVA_HOME" value="/usr/lib/jvm/java-8-openjdk-amd64/jre"/>
    <property name="sun.io.unicode.encoding" value="UnicodeLittle"/>
    <property name="awt.toolkit" value="sun.awt.X11.XToolkit"/>
    <property name="HOME" value="/var/jenkins_home"/>
    <property name="user.home" value="/var/jenkins_home"/>
    <property name="BUILD_TAG" value="jenkins-SelfServiceTest-2"/>
    <property name="JENKINS_SERVER_COOKIE" value="292224c87f8d6d5a"/>
    <property name="HUDSON_URL" value="http://192.168.99.100:8080/"/>
    <property name="java.specification.vendor" value="Oracle Corporation"/>
    <property name="CLASSPATH" value=""/>
    <property name="java.library.path" value="/usr/java/packages/lib/amd64:/usr/lib/x86_64-linux-gnu/jni:/lib/x86_64-linux-gnu:/usr/lib/x86_64-linux-gnu:/usr/lib/jni:/lib:/usr/lib"/>
    <property name="java.vendor.url" value="http://java.oracle.com/"/>
    <property name="java.vm.vendor" value="Oracle Corporation"/>
    <property name="maven.home" value="/var/jenkins_home/tools/hudson.tasks.Maven_MavenInstallation/M3"/>
    <property name="java.runtime.name" value="OpenJDK Runtime Environment"/>
    <property name="java.class.path" value="/var/jenkins_home/plugins/maven-plugin/WEB-INF/lib/maven35-agent-1.11.jar:/var/jenkins_home/tools/hudson.tasks.Maven_MavenInstallation/M3/boot/plexus-classworlds-2.5.2.jar:/var/jenkins_home/tools/hudson.tasks.Maven_MavenInstallation/M3/conf/logging"/>
    <property name="sun.java.command" value="jenkins.maven3.agent.Maven35Main /var/jenkins_home/tools/hudson.tasks.Maven_MavenInstallation/M3 /var/jenkins_home/war/WEB-INF/lib/remoting-3.7.jar /var/jenkins_home/plugins/maven-plugin/WEB-INF/lib/maven35-interceptor-1.11.jar /var/jenkins_home/plugins/maven-plugin/WEB-INF/lib/maven3-interceptor-commons-1.11.jar 35634"/>
    <property name="JENKINS_VERSION" value="2.60.2"/>
    <property name="java.vm.specification.name" value="Java Virtual Machine Specification"/>
    <property name="java.vm.specification.version" value="1.8"/>
    <property name="sun.os.patch.level" value="unknown"/>
    <property name="sun.cpu.endian" value="little"/>
    <property name="M2_HOME" value="/var/jenkins_home/tools/hudson.tasks.Maven_MavenInstallation/M3"/>
    <property name="java.io.tmpdir" value="/tmp"/>
    <property name="HOSTNAME" value="48916c976152"/>
    <property name="HUDSON_HOME" value="/var/jenkins_home"/>
    <property name="PATH+MAVEN" value="/var/jenkins_home/tools/hudson.tasks.Maven_MavenInstallation/M3/bin"/>
    <property name="BUILD_URL" value="http://192.168.99.100:8080/job/SelfServiceTest/2/"/>
    <property name="java.vendor.url.bug" value="http://bugreport.sun.com/bugreport/"/>
    <property name="java.awt.graphicsenv" value="sun.awt.X11GraphicsEnvironment"/>
    <property name="os.arch" value="amd64"/>
    <property name="java.ext.dirs" value="/usr/lib/jvm/java-8-openjdk-amd64/jre/lib/ext:/usr/java/packages/lib/ext"/>
    <property name="user.dir" value="/var/jenkins_home/workspace/SelfServiceTest/SelfServiceTest"/>
    <property name="JOB_URL" value="http://192.168.99.100:8080/job/SelfServiceTest/"/>
    <property name="line.separator" value="
"/>
    <property name="MAVEN_HOME" value="/var/jenkins_home/tools/hudson.tasks.Maven_MavenInstallation/M3"/>
    <property name="java.vm.name" value="OpenJDK 64-Bit Server VM"/>
    <property name="BUILD_NUMBER" value="2"/>
    <property name="JENKINS_URL" value="http://192.168.99.100:8080/"/>
    <property name="CA_CERTIFICATES_JAVA_VERSION" value="20170531+nmu1"/>
    <property name="file.encoding" value="UTF-8"/>
    <property name="LANG" value="C.UTF-8"/>
    <property name="maven3.interceptor" value="/var/jenkins_home/plugins/maven-plugin/WEB-INF/lib/maven35-interceptor-1.11.jar"/>
    <property name="WORKSPACE" value="/var/jenkins_home/workspace/SelfServiceTest"/>
    <property name="maven3.interceptor.common" value="/var/jenkins_home/plugins/maven-plugin/WEB-INF/lib/maven3-interceptor-commons-1.11.jar"/>
    <property name="java.specification.version" value="1.8"/>
  </properties>
  <testcase classname="com.company.ST.STest" name="f" time="24.68"/>
</testsuite>