<?xml version="1.0" encoding="UTF-8"?>
<!-- Generated by org.testng.reporters.JUnitReportReporter -->
<testsuite hostname="48916c976152" name="com.company.ST.STest" tests="1" failures="0" timestamp="25 Jul 2017 06:02:31 GMT" time="47.589" errors="0">
  <testcase name="f" time="47.589" classname="com.company.ST.STest"/>
</testsuite> <!-- com.company.ST.STest -->
